# JRE version: Java(TM) SE Runtime Environment (8.0_25-b17) (build 1.8.0_25-b17)
# Java VM: Java HotSpot(TM) 64-Bit Server VM (25.25-b02 mixed mode linux-amd64 compressed oops)
Heap:
 PSYoungGen      total 58368K, used 0K [0x00000000fab00000, 0x0000000100000000, 0x0000000100000000)
  eden space 29696K, 0% used [0x00000000fab00000,0x00000000fab00000,0x00000000fc800000)
  from space 28672K, 0% used [0x00000000fe400000,0x00000000fe400000,0x0000000100000000)
  to   space 28672K, 0% used [0x00000000fc800000,0x00000000fc800000,0x00000000fe400000)
 ParOldGen       total 91648K, used 83690K [0x00000000f0000000, 0x00000000f5980000, 0x00000000fab00000)
  object space 91648K, 91% used [0x00000000f0000000,0x00000000f51ba920,0x00000000f5980000)
 Metaspace       used 14010K, capacity 14386K, committed 14464K, reserved 1062912K
  class space    used 1559K, capacity 1651K, committed 1664K, reserved 1048576K
GC Heap History (10 events):
Event: 2.918 GC heap after
Heap after GC invocations=7 (full 0):
 PSYoungGen      total 69632K, used 17398K [0x00000000fab00000, 0x0000000100000000, 0x0000000100000000)
  eden space 52224K, 0% used [0x00000000fab00000,0x00000000fab00000,0x00000000fde00000)
  from space 17408K, 99% used [0x00000000fde00000,0x00000000feefdbe0,0x00000000fef00000)
  to   space 17408K, 0% used [0x00000000fef00000,0x00000000fef00000,0x0000000100000000)
 ParOldGen       total 45568K, used 45211K [0x00000000f0000000, 0x00000000f2c80000, 0x00000000fab00000)
  object space 45568K, 99% used [0x00000000f0000000,0x00000000f2c26ef8,0x00000000f2c80000)
 Metaspace       used 12439K, capacity 12754K, committed 12800K, reserved 1060864K
  class space    used 1422K, capacity 1491K, committed 1536K, reserved 1048576K
}
Event: 2.919 GC heap before
{Heap before GC invocations=8 (full 1):
 PSYoungGen      total 69632K, used 17398K [0x00000000fab00000, 0x0000000100000000, 0x0000000100000000)
  eden space 52224K, 0% used [0x00000000fab00000,0x00000000fab00000,0x00000000fde00000)
  from space 17408K, 99% used [0x00000000fde00000,0x00000000feefdbe0,0x00000000fef00000)
  to   space 17408K, 0% used [0x00000000fef00000,0x00000000fef00000,0x0000000100000000)
 ParOldGen       total 45568K, used 45211K [0x00000000f0000000, 0x00000000f2c80000, 0x00000000fab00000)
  object space 45568K, 99% used [0x00000000f0000000,0x00000000f2c26ef8,0x00000000f2c80000)
 Metaspace       used 12439K, capacity 12754K, committed 12800K, reserved 1060864K
  class space    used 1422K, capacity 1491K, committed 1536K, reserved 1048576K
Event: 3.227 GC heap after
Heap after GC invocations=8 (full 1):
 PSYoungGen      total 69632K, used 9094K [0x00000000fab00000, 0x0000000100000000, 0x0000000100000000)
  eden space 52224K, 0% used [0x00000000fab00000,0x00000000fab00000,0x00000000fde00000)
  from space 17408K, 52% used [0x00000000fde00000,0x00000000fe6e19b0,0x00000000fef00000)
  to   space 17408K, 0% used [0x00000000fef00000,0x00000000fef00000,0x0000000100000000)
 ParOldGen       total 91648K, used 45504K [0x00000000f0000000, 0x00000000f5980000, 0x00000000fab00000)
  object space 91648K, 49% used [0x00000000f0000000,0x00000000f2c70010,0x00000000f5980000)
 Metaspace       used 12439K, capacity 12754K, committed 12800K, reserved 1060864K
  class space    used 1422K, capacity 1491K, committed 1536K, reserved 1048576K
}
Event: 3.621 GC heap before
{Heap before GC invocations=9 (full 1):
 PSYoungGen      total 69632K, used 61318K [0x00000000fab00000, 0x0000000100000000, 0x0000000100000000)
  eden space 52224K, 100% used [0x00000000fab00000,0x00000000fde00000,0x00000000fde00000)
  from space 17408K, 52% used [0x00000000fde00000,0x00000000fe6e19b0,0x00000000fef00000)
  to   space 17408K, 0% used [0x00000000fef00000,0x00000000fef00000,0x0000000100000000)
 ParOldGen       total 91648K, used 45504K [0x00000000f0000000, 0x00000000f5980000, 0x00000000fab00000)
  object space 91648K, 49% used [0x00000000f0000000,0x00000000f2c70010,0x00000000f5980000)
 Metaspace       used 12489K, capacity 12818K, committed 13056K, reserved 1060864K
  class space    used 1422K, capacity 1491K, committed 1536K, reserved 1048576K
Event: 3.645 GC heap after
Heap after GC invocations=9 (full 1):
 PSYoungGen      total 47104K, used 17377K [0x00000000fab00000, 0x0000000100000000, 0x0000000100000000)
  eden space 29696K, 0% used [0x00000000fab00000,0x00000000fab00000,0x00000000fc800000)
  from space 17408K, 99% used [0x00000000fef00000,0x00000000ffff86c0,0x0000000100000000)
  to   space 28672K, 0% used [0x00000000fc800000,0x00000000fc800000,0x00000000fe400000)
 ParOldGen       total 91648K, used 60563K [0x00000000f0000000, 0x00000000f5980000, 0x00000000fab00000)
  object space 91648K, 66% used [0x00000000f0000000,0x00000000f3b24f88,0x00000000f5980000)
 Metaspace       used 12489K, capacity 12818K, committed 13056K, reserved 1060864K
  class space    used 1422K, capacity 1491K, committed 1536K, reserved 1048576K
}
Event: 3.757 GC heap before
{Heap before GC invocations=10 (full 1):
 PSYoungGen      total 47104K, used 47073K [0x00000000fab00000, 0x0000000100000000, 0x0000000100000000)
  eden space 29696K, 100% used [0x00000000fab00000,0x00000000fc800000,0x00000000fc800000)
  from space 17408K, 99% used [0x00000000fef00000,0x00000000ffff86c0,0x0000000100000000)
  to   space 28672K, 0% used [0x00000000fc800000,0x00000000fc800000,0x00000000fe400000)
 ParOldGen       total 91648K, used 60563K [0x00000000f0000000, 0x00000000f5980000, 0x00000000fab00000)
  object space 91648K, 66% used [0x00000000f0000000,0x00000000f3b24f88,0x00000000f5980000)
 Metaspace       used 12489K, capacity 12818K, committed 13056K, reserved 1060864K
  class space    used 1422K, capacity 1491K, committed 1536K, reserved 1048576K
Event: 3.769 GC heap after
Heap after GC invocations=10 (full 1):
 PSYoungGen      total 58368K, used 26494K [0x00000000fab00000, 0x0000000100000000, 0x0000000100000000)
  eden space 29696K, 0% used [0x00000000fab00000,0x00000000fab00000,0x00000000fc800000)
  from space 28672K, 92% used [0x00000000fc800000,0x00000000fe1dfa88,0x00000000fe400000)
  to   space 28672K, 0% used [0x00000000fe400000,0x00000000fe400000,0x0000000100000000)
 ParOldGen       total 91648K, used 65019K [0x00000000f0000000, 0x00000000f5980000, 0x00000000fab00000)
  object space 91648K, 70% used [0x00000000f0000000,0x00000000f3f7efc8,0x00000000f5980000)
 Metaspace       used 12489K, capacity 12818K, committed 13056K, reserved 1060864K
  class space    used 1422K, capacity 1491K, committed 1536K, reserved 1048576K
}
Event: 4.020 GC heap before
{Heap before GC invocations=11 (full 1):
 PSYoungGen      total 58368K, used 56190K [0x00000000fab00000, 0x0000000100000000, 0x0000000100000000)
  eden space 29696K, 100% used [0x00000000fab00000,0x00000000fc800000,0x00000000fc800000)
  from space 28672K, 92% used [0x00000000fc800000,0x00000000fe1dfa88,0x00000000fe400000)
  to   space 28672K, 0% used [0x00000000fe400000,0x00000000fe400000,0x0000000100000000)
 ParOldGen       total 91648K, used 65019K [0x00000000f0000000, 0x00000000f5980000, 0x00000000fab00000)
  object space 91648K, 70% used [0x00000000f0000000,0x00000000f3f7efc8,0x00000000f5980000)
 Metaspace       used 14010K, capacity 14386K, committed 14464K, reserved 1062912K
  class space    used 1559K, capacity 1651K, committed 1664K, reserved 1048576K
Event: 4.033 GC heap after
Heap after GC invocations=11 (full 1):
 PSYoungGen      total 58368K, used 17596K [0x00000000fab00000, 0x0000000100000000, 0x0000000100000000)
  eden space 29696K, 0% used [0x00000000fab00000,0x00000000fab00000,0x00000000fc800000)
  from space 28672K, 61% used [0x00000000fe400000,0x00000000ff52f2c0,0x0000000100000000)
  to   space 28672K, 0% used [0x00000000fc800000,0x00000000fc800000,0x00000000fe400000)
 ParOldGen       total 91648K, used 77433K [0x00000000f0000000, 0x00000000f5980000, 0x00000000fab00000)
  object space 91648K, 84% used [0x00000000f0000000,0x00000000f4b9e498,0x00000000f5980000)
 Metaspace       used 14010K, capacity 14386K, committed 14464K, reserved 1062912K
  class space    used 1559K, capacity 1651K, committed 1664K, reserved 1048576K
}
Event: 4.033 GC heap before
{Heap before GC invocations=12 (full 2):
 PSYoungGen      total 58368K, used 17596K [0x00000000fab00000, 0x0000000100000000, 0x0000000100000000)
  eden space 29696K, 0% used [0x00000000fab00000,0x00000000fab00000,0x00000000fc800000)
  from space 28672K, 61% used [0x00000000fe400000,0x00000000ff52f2c0,0x0000000100000000)
  to   space 28672K, 0% used [0x00000000fc800000,0x00000000fc800000,0x00000000fe400000)
 ParOldGen       total 91648K, used 77433K [0x00000000f0000000, 0x00000000f5980000, 0x00000000fab00000)
  object space 91648K, 84% used [0x00000000f0000000,0x00000000f4b9e498,0x00000000f5980000)
 Metaspace       used 14010K, capacity 14386K, committed 14464K, reserved 1062912K
  class space    used 1559K, capacity 1651K, committed 1664K, reserved 1048576K

