# JRE version: Java(TM) SE Runtime Environment (8.0_25-b17) (build 1.8.0_25-b17)
# Java VM: Java HotSpot(TM) 64-Bit Server VM (25.25-b02 mixed mode linux-amd64 compressed oops)
Heap:
 PSYoungGen      total 58368K, used 17902K [0x00000000fab00000, 0x0000000100000000, 0x0000000100000000)
  eden space 29696K, 35% used [0x00000000fab00000,0x00000000fb536840,0x00000000fc800000)
  from space 28672K, 25% used [0x00000000fc800000,0x00000000fcf45268,0x00000000fe400000)
  to   space 28672K, 0% used [0x00000000fe400000,0x00000000fe400000,0x0000000100000000)
 ParOldGen       total 175104K, used 153139K [0x00000000f0000000, 0x00000000fab00000, 0x00000000fab00000)
  object space 175104K, 87% used [0x00000000f0000000,0x00000000f958cd90,0x00000000fab00000)
 Metaspace       used 18070K, capacity 18630K, committed 18816K, reserved 1067008K
  class space    used 1733K, capacity 1867K, committed 1920K, reserved 1048576K
GC Heap History (10 events):
Event: 11.373 GC heap before
{Heap before GC invocations=32 (full 5):
 PSYoungGen      total 59904K, used 55489K [0x00000000fab00000, 0x0000000100000000, 0x0000000100000000)
  eden space 36864K, 100% used [0x00000000fab00000,0x00000000fcf00000,0x00000000fcf00000)
  from space 23040K, 80% used [0x00000000fe800000,0x00000000ffa30530,0x00000000ffe80000)
  to   space 25088K, 0% used [0x00000000fcf00000,0x00000000fcf00000,0x00000000fe780000)
 ParOldGen       total 175104K, used 144601K [0x00000000f0000000, 0x00000000fab00000, 0x00000000fab00000)
  object space 175104K, 82% used [0x00000000f0000000,0x00000000f8d364b0,0x00000000fab00000)
 Metaspace       used 17955K, capacity 18502K, committed 18816K, reserved 1067008K
  class space    used 1733K, capacity 1867K, committed 1920K, reserved 1048576K
Event: 11.397 GC heap after
Heap after GC invocations=32 (full 5):
 PSYoungGen      total 61952K, used 25066K [0x00000000fab00000, 0x0000000100000000, 0x0000000100000000)
  eden space 36864K, 0% used [0x00000000fab00000,0x00000000fab00000,0x00000000fcf00000)
  from space 25088K, 99% used [0x00000000fcf00000,0x00000000fe77ab28,0x00000000fe780000)
  to   space 25088K, 0% used [0x00000000fe780000,0x00000000fe780000,0x0000000100000000)
 ParOldGen       total 175104K, used 147884K [0x00000000f0000000, 0x00000000fab00000, 0x00000000fab00000)
  object space 175104K, 84% used [0x00000000f0000000,0x00000000f906b3e8,0x00000000fab00000)
 Metaspace       used 17955K, capacity 18502K, committed 18816K, reserved 1067008K
  class space    used 1733K, capacity 1867K, committed 1920K, reserved 1048576K
}
Event: 11.580 GC heap before
{Heap before GC invocations=33 (full 5):
 PSYoungGen      total 61952K, used 61930K [0x00000000fab00000, 0x0000000100000000, 0x0000000100000000)
  eden space 36864K, 100% used [0x00000000fab00000,0x00000000fcf00000,0x00000000fcf00000)
  from space 25088K, 99% used [0x00000000fcf00000,0x00000000fe77ab28,0x00000000fe780000)
  to   space 25088K, 0% used [0x00000000fe780000,0x00000000fe780000,0x0000000100000000)
 ParOldGen       total 175104K, used 147884K [0x00000000f0000000, 0x00000000fab00000, 0x00000000fab00000)
  object space 175104K, 84% used [0x00000000f0000000,0x00000000f906b3e8,0x00000000fab00000)
 Metaspace       used 17990K, capacity 18502K, committed 18816K, reserved 1067008K
  class space    used 1733K, capacity 1867K, committed 1920K, reserved 1048576K
Event: 11.606 GC heap after
Heap after GC invocations=33 (full 5):
 PSYoungGen      total 54784K, used 25056K [0x00000000fab00000, 0x0000000100000000, 0x0000000100000000)
  eden space 29696K, 0% used [0x00000000fab00000,0x00000000fab00000,0x00000000fc800000)
  from space 25088K, 99% used [0x00000000fe780000,0x00000000ffff83d8,0x0000000100000000)
  to   space 28672K, 0% used [0x00000000fc800000,0x00000000fc800000,0x00000000fe400000)
 ParOldGen       total 175104K, used 158468K [0x00000000f0000000, 0x00000000fab00000, 0x00000000fab00000)
  object space 175104K, 90% used [0x00000000f0000000,0x00000000f9ac1248,0x00000000fab00000)
 Metaspace       used 17990K, capacity 18502K, committed 18816K, reserved 1067008K
  class space    used 1733K, capacity 1867K, committed 1920K, reserved 1048576K
}
Event: 11.820 GC heap before
{Heap before GC invocations=34 (full 5):
 PSYoungGen      total 54784K, used 54752K [0x00000000fab00000, 0x0000000100000000, 0x0000000100000000)
  eden space 29696K, 100% used [0x00000000fab00000,0x00000000fc800000,0x00000000fc800000)
  from space 25088K, 99% used [0x00000000fe780000,0x00000000ffff83d8,0x0000000100000000)
  to   space 28672K, 0% used [0x00000000fc800000,0x00000000fc800000,0x00000000fe400000)
 ParOldGen       total 175104K, used 158468K [0x00000000f0000000, 0x00000000fab00000, 0x00000000fab00000)
  object space 175104K, 90% used [0x00000000f0000000,0x00000000f9ac1248,0x00000000fab00000)
 Metaspace       used 18021K, capacity 18566K, committed 18816K, reserved 1067008K
  class space    used 1733K, capacity 1867K, committed 1920K, reserved 1048576K
Event: 12.475 GC heap after
Heap after GC invocations=34 (full 5):
 PSYoungGen      total 54784K, used 54752K [0x00000000fab00000, 0x0000000100000000, 0x0000000100000000)
  eden space 29696K, 100% used [0x00000000fab00000,0x00000000fc800000,0x00000000fc800000)
  from space 25088K, 99% used [0x00000000fe780000,0x00000000ffff83d8,0x0000000100000000)
  to   space 28672K, 56% used [0x00000000fc800000,0x00000000fd7e7060,0x00000000fe400000)
 ParOldGen       total 175104K, used 175101K [0x00000000f0000000, 0x00000000fab00000, 0x00000000fab00000)
  object space 175104K, 99% used [0x00000000f0000000,0x00000000faaff480,0x00000000fab00000)
 Metaspace       used 18021K, capacity 18566K, committed 18816K, reserved 1067008K
  class space    used 1733K, capacity 1867K, committed 1920K, reserved 1048576K
}
Event: 12.475 GC heap before
{Heap before GC invocations=35 (full 6):
 PSYoungGen      total 54784K, used 54752K [0x00000000fab00000, 0x0000000100000000, 0x0000000100000000)
  eden space 29696K, 100% used [0x00000000fab00000,0x00000000fc800000,0x00000000fc800000)
  from space 25088K, 99% used [0x00000000fe780000,0x00000000ffff83d8,0x0000000100000000)
  to   space 28672K, 56% used [0x00000000fc800000,0x00000000fd7e7060,0x00000000fe400000)
 ParOldGen       total 175104K, used 175101K [0x00000000f0000000, 0x00000000fab00000, 0x00000000fab00000)
  object space 175104K, 99% used [0x00000000f0000000,0x00000000faaff480,0x00000000fab00000)
 Metaspace       used 18021K, capacity 18566K, committed 18816K, reserved 1067008K
  class space    used 1733K, capacity 1867K, committed 1920K, reserved 1048576K
Event: 12.814 GC heap after
Heap after GC invocations=35 (full 6):
 PSYoungGen      total 54784K, used 0K [0x00000000fab00000, 0x0000000100000000, 0x0000000100000000)
  eden space 29696K, 0% used [0x00000000fab00000,0x00000000fab00000,0x00000000fc800000)
  from space 25088K, 0% used [0x00000000fe780000,0x00000000fe780000,0x0000000100000000)
  to   space 28672K, 0% used [0x00000000fc800000,0x00000000fc800000,0x00000000fe400000)
 ParOldGen       total 175104K, used 153131K [0x00000000f0000000, 0x00000000fab00000, 0x00000000fab00000)
  object space 175104K, 87% used [0x00000000f0000000,0x00000000f958ad90,0x00000000fab00000)
 Metaspace       used 18021K, capacity 18566K, committed 18816K, reserved 1067008K
  class space    used 1733K, capacity 1867K, committed 1920K, reserved 1048576K
}
Event: 13.358 GC heap before
{Heap before GC invocations=36 (full 6):
 PSYoungGen      total 54784K, used 29696K [0x00000000fab00000, 0x0000000100000000, 0x0000000100000000)
  eden space 29696K, 100% used [0x00000000fab00000,0x00000000fc800000,0x00000000fc800000)
  from space 25088K, 0% used [0x00000000fe780000,0x00000000fe780000,0x0000000100000000)
  to   space 28672K, 0% used [0x00000000fc800000,0x00000000fc800000,0x00000000fe400000)
 ParOldGen       total 175104K, used 153131K [0x00000000f0000000, 0x00000000fab00000, 0x00000000fab00000)
  object space 175104K, 87% used [0x00000000f0000000,0x00000000f958ad90,0x00000000fab00000)
 Metaspace       used 18068K, capacity 18630K, committed 18816K, reserved 1067008K
  class space    used 1733K, capacity 1867K, committed 1920K, reserved 1048576K
Event: 13.370 GC heap after
Heap after GC invocations=36 (full 6):
 PSYoungGen      total 58368K, used 7444K [0x00000000fab00000, 0x0000000100000000, 0x0000000100000000)
  eden space 29696K, 0% used [0x00000000fab00000,0x00000000fab00000,0x00000000fc800000)
  from space 28672K, 25% used [0x00000000fc800000,0x00000000fcf45268,0x00000000fe400000)
  to   space 28672K, 0% used [0x00000000fe400000,0x00000000fe400000,0x0000000100000000)
 ParOldGen       total 175104K, used 153139K [0x00000000f0000000, 0x00000000fab00000, 0x00000000fab00000)
  object space 175104K, 87% used [0x00000000f0000000,0x00000000f958cd90,0x00000000fab00000)
 Metaspace       used 18068K, capacity 18630K, committed 18816K, reserved 1067008K
  class space    used 1733K, capacity 1867K, committed 1920K, reserved 1048576K
}

