# JRE version: Java(TM) SE Runtime Environment (8.0_25-b17) (build 1.8.0_25-b17)
# Java VM: Java HotSpot(TM) 64-Bit Server VM (25.25-b02 mixed mode linux-amd64 compressed oops)
Heap:
 PSYoungGen      total 69120K, used 9681K [0x00000000fab00000, 0x0000000100000000, 0x0000000100000000)
  eden space 51200K, 0% used [0x00000000fab00000,0x00000000fab00000,0x00000000fdd00000)
  from space 17920K, 54% used [0x00000000fdd00000,0x00000000fe674538,0x00000000fee80000)
  to   space 17920K, 0% used [0x00000000fee80000,0x00000000fee80000,0x0000000100000000)
 ParOldGen       total 45056K, used 44713K [0x00000000f0000000, 0x00000000f2c00000, 0x00000000fab00000)
  object space 45056K, 99% used [0x00000000f0000000,0x00000000f2baa690,0x00000000f2c00000)
 Metaspace       used 12432K, capacity 12706K, committed 12800K, reserved 1060864K
  class space    used 1422K, capacity 1491K, committed 1536K, reserved 1048576K
GC Heap History (10 events):
Event: 1.455 GC heap after
Heap after GC invocations=3 (full 0):
 PSYoungGen      total 18432K, used 2552K [0x00000000fab00000, 0x00000000fcf00000, 0x0000000100000000)
  eden space 15872K, 0% used [0x00000000fab00000,0x00000000fab00000,0x00000000fba80000)
  from space 2560K, 99% used [0x00000000fba80000,0x00000000fbcfe030,0x00000000fbd00000)
  to   space 2560K, 0% used [0x00000000fcc80000,0x00000000fcc80000,0x00000000fcf00000)
 ParOldGen       total 42496K, used 5549K [0x00000000f0000000, 0x00000000f2980000, 0x00000000fab00000)
  object space 42496K, 13% used [0x00000000f0000000,0x00000000f056b568,0x00000000f2980000)
 Metaspace       used 10404K, capacity 10752K, committed 11008K, reserved 1058816K
  class space    used 1180K, capacity 1256K, committed 1280K, reserved 1048576K
}
Event: 1.995 GC heap before
{Heap before GC invocations=4 (full 0):
 PSYoungGen      total 18432K, used 18424K [0x00000000fab00000, 0x00000000fcf00000, 0x0000000100000000)
  eden space 15872K, 100% used [0x00000000fab00000,0x00000000fba80000,0x00000000fba80000)
  from space 2560K, 99% used [0x00000000fba80000,0x00000000fbcfe030,0x00000000fbd00000)
  to   space 2560K, 0% used [0x00000000fcc80000,0x00000000fcc80000,0x00000000fcf00000)
 ParOldGen       total 42496K, used 5549K [0x00000000f0000000, 0x00000000f2980000, 0x00000000fab00000)
  object space 42496K, 13% used [0x00000000f0000000,0x00000000f056b568,0x00000000f2980000)
 Metaspace       used 10422K, capacity 10770K, committed 11008K, reserved 1058816K
  class space    used 1182K, capacity 1259K, committed 1280K, reserved 1048576K
Event: 2.390 GC heap after
Heap after GC invocations=4 (full 0):
 PSYoungGen      total 34304K, used 2528K [0x00000000fab00000, 0x00000000fcf00000, 0x0000000100000000)
  eden space 31744K, 0% used [0x00000000fab00000,0x00000000fab00000,0x00000000fca00000)
  from space 2560K, 98% used [0x00000000fcc80000,0x00000000fcef8040,0x00000000fcf00000)
  to   space 2560K, 0% used [0x00000000fca00000,0x00000000fca00000,0x00000000fcc80000)
 ParOldGen       total 42496K, used 10741K [0x00000000f0000000, 0x00000000f2980000, 0x00000000fab00000)
  object space 42496K, 25% used [0x00000000f0000000,0x00000000f0a7d598,0x00000000f2980000)
 Metaspace       used 10422K, capacity 10770K, committed 11008K, reserved 1058816K
  class space    used 1182K, capacity 1259K, committed 1280K, reserved 1048576K
}
Event: 2.860 GC heap before
{Heap before GC invocations=5 (full 0):
 PSYoungGen      total 34304K, used 34272K [0x00000000fab00000, 0x00000000fcf00000, 0x0000000100000000)
  eden space 31744K, 100% used [0x00000000fab00000,0x00000000fca00000,0x00000000fca00000)
  from space 2560K, 98% used [0x00000000fcc80000,0x00000000fcef8040,0x00000000fcf00000)
  to   space 2560K, 0% used [0x00000000fca00000,0x00000000fca00000,0x00000000fcc80000)
 ParOldGen       total 42496K, used 10741K [0x00000000f0000000, 0x00000000f2980000, 0x00000000fab00000)
  object space 42496K, 25% used [0x00000000f0000000,0x00000000f0a7d598,0x00000000f2980000)
 Metaspace       used 10463K, capacity 10812K, committed 11008K, reserved 1058816K
  class space    used 1188K, capacity 1266K, committed 1280K, reserved 1048576K
Event: 2.990 GC heap after
Heap after GC invocations=5 (full 0):
 PSYoungGen      total 34304K, used 2544K [0x00000000fab00000, 0x0000000100000000, 0x0000000100000000)
  eden space 31744K, 0% used [0x00000000fab00000,0x00000000fab00000,0x00000000fca00000)
  from space 2560K, 99% used [0x00000000fca00000,0x00000000fcc7c040,0x00000000fcc80000)
  to   space 14336K, 0% used [0x00000000ff200000,0x00000000ff200000,0x0000000100000000)
 ParOldGen       total 42496K, used 21766K [0x00000000f0000000, 0x00000000f2980000, 0x00000000fab00000)
  object space 42496K, 51% used [0x00000000f0000000,0x00000000f1541920,0x00000000f2980000)
 Metaspace       used 10463K, capacity 10812K, committed 11008K, reserved 1058816K
  class space    used 1188K, capacity 1266K, committed 1280K, reserved 1048576K
}
Event: 3.398 GC heap before
{Heap before GC invocations=6 (full 0):
 PSYoungGen      total 34304K, used 34288K [0x00000000fab00000, 0x0000000100000000, 0x0000000100000000)
  eden space 31744K, 100% used [0x00000000fab00000,0x00000000fca00000,0x00000000fca00000)
  from space 2560K, 99% used [0x00000000fca00000,0x00000000fcc7c040,0x00000000fcc80000)
  to   space 14336K, 0% used [0x00000000ff200000,0x00000000ff200000,0x0000000100000000)
 ParOldGen       total 42496K, used 21766K [0x00000000f0000000, 0x00000000f2980000, 0x00000000fab00000)
  object space 42496K, 51% used [0x00000000f0000000,0x00000000f1541920,0x00000000f2980000)
 Metaspace       used 11546K, capacity 11868K, committed 12160K, reserved 1060864K
  class space    used 1302K, capacity 1362K, committed 1408K, reserved 1048576K
Event: 3.587 GC heap after
Heap after GC invocations=6 (full 0):
 PSYoungGen      total 65536K, used 14320K [0x00000000fab00000, 0x0000000100000000, 0x0000000100000000)
  eden space 51200K, 0% used [0x00000000fab00000,0x00000000fab00000,0x00000000fdd00000)
  from space 14336K, 99% used [0x00000000ff200000,0x00000000ffffc070,0x0000000100000000)
  to   space 17920K, 0% used [0x00000000fdd00000,0x00000000fdd00000,0x00000000fee80000)
 ParOldGen       total 42496K, used 22783K [0x00000000f0000000, 0x00000000f2980000, 0x00000000fab00000)
  object space 42496K, 53% used [0x00000000f0000000,0x00000000f163ffc8,0x00000000f2980000)
 Metaspace       used 11546K, capacity 11868K, committed 12160K, reserved 1060864K
  class space    used 1302K, capacity 1362K, committed 1408K, reserved 1048576K
}
Event: 3.933 GC heap before
{Heap before GC invocations=7 (full 0):
 PSYoungGen      total 65536K, used 65520K [0x00000000fab00000, 0x0000000100000000, 0x0000000100000000)
  eden space 51200K, 100% used [0x00000000fab00000,0x00000000fdd00000,0x00000000fdd00000)
  from space 14336K, 99% used [0x00000000ff200000,0x00000000ffffc070,0x0000000100000000)
  to   space 17920K, 0% used [0x00000000fdd00000,0x00000000fdd00000,0x00000000fee80000)
 ParOldGen       total 42496K, used 22783K [0x00000000f0000000, 0x00000000f2980000, 0x00000000fab00000)
  object space 42496K, 53% used [0x00000000f0000000,0x00000000f163ffc8,0x00000000f2980000)
 Metaspace       used 12432K, capacity 12706K, committed 12800K, reserved 1060864K
  class space    used 1422K, capacity 1491K, committed 1536K, reserved 1048576K
Event: 4.975 GC heap after
Heap after GC invocations=7 (full 0):
 PSYoungGen      total 69120K, used 17888K [0x00000000fab00000, 0x0000000100000000, 0x0000000100000000)
  eden space 51200K, 0% used [0x00000000fab00000,0x00000000fab00000,0x00000000fdd00000)
  from space 17920K, 99% used [0x00000000fdd00000,0x00000000fee78060,0x00000000fee80000)
  to   space 17920K, 0% used [0x00000000fee80000,0x00000000fee80000,0x0000000100000000)
 ParOldGen       total 45056K, used 44943K [0x00000000f0000000, 0x00000000f2c00000, 0x00000000fab00000)
  object space 45056K, 99% used [0x00000000f0000000,0x00000000f2be3da8,0x00000000f2c00000)
 Metaspace       used 12432K, capacity 12706K, committed 12800K, reserved 1060864K
  class space    used 1422K, capacity 1491K, committed 1536K, reserved 1048576K
}
Event: 4.978 GC heap before
{Heap before GC invocations=8 (full 1):
 PSYoungGen      total 69120K, used 17888K [0x00000000fab00000, 0x0000000100000000, 0x0000000100000000)
  eden space 51200K, 0% used [0x00000000fab00000,0x00000000fab00000,0x00000000fdd00000)
  from space 17920K, 99% used [0x00000000fdd00000,0x00000000fee78060,0x00000000fee80000)
  to   space 17920K, 0% used [0x00000000fee80000,0x00000000fee80000,0x0000000100000000)
 ParOldGen       total 45056K, used 44943K [0x00000000f0000000, 0x00000000f2c00000, 0x00000000fab00000)
  object space 45056K, 99% used [0x00000000f0000000,0x00000000f2be3da8,0x00000000f2c00000)
 Metaspace       used 12432K, capacity 12706K, committed 12800K, reserved 1060864K
  class space    used 1422K, capacity 1491K, committed 1536K, reserved 1048576K

