# JRE version: Java(TM) SE Runtime Environment (8.0_25-b17) (build 1.8.0_25-b17)
# Java VM: Java HotSpot(TM) 64-Bit Server VM (25.25-b02 mixed mode linux-amd64 compressed oops)
Heap:
 PSYoungGen      total 69120K, used 9683K [0x00000000fab00000, 0x0000000100000000, 0x0000000100000000)
  eden space 51200K, 0% used [0x00000000fab00000,0x00000000fab00000,0x00000000fdd00000)
  from space 17920K, 54% used [0x00000000fdd00000,0x00000000fe674cf8,0x00000000fee80000)
  to   space 17920K, 0% used [0x00000000fee80000,0x00000000fee80000,0x0000000100000000)
 ParOldGen       total 44544K, used 44405K [0x00000000f0000000, 0x00000000f2b80000, 0x00000000fab00000)
  object space 44544K, 99% used [0x00000000f0000000,0x00000000f2b5d720,0x00000000f2b80000)
 Metaspace       used 12426K, capacity 12690K, committed 12800K, reserved 1060864K
  class space    used 1422K, capacity 1491K, committed 1536K, reserved 1048576K
GC Heap History (10 events):
Event: 1.367 GC heap after
Heap after GC invocations=3 (full 0):
 PSYoungGen      total 18432K, used 2536K [0x00000000fab00000, 0x00000000fcf00000, 0x0000000100000000)
  eden space 15872K, 0% used [0x00000000fab00000,0x00000000fab00000,0x00000000fba80000)
  from space 2560K, 99% used [0x00000000fba80000,0x00000000fbcfa050,0x00000000fbd00000)
  to   space 2560K, 0% used [0x00000000fcc80000,0x00000000fcc80000,0x00000000fcf00000)
 ParOldGen       total 42496K, used 5879K [0x00000000f0000000, 0x00000000f2980000, 0x00000000fab00000)
  object space 42496K, 13% used [0x00000000f0000000,0x00000000f05bdf28,0x00000000f2980000)
 Metaspace       used 10397K, capacity 10736K, committed 11008K, reserved 1058816K
  class space    used 1180K, capacity 1256K, committed 1280K, reserved 1048576K
}
Event: 1.559 GC heap before
{Heap before GC invocations=4 (full 0):
 PSYoungGen      total 18432K, used 18408K [0x00000000fab00000, 0x00000000fcf00000, 0x0000000100000000)
  eden space 15872K, 100% used [0x00000000fab00000,0x00000000fba80000,0x00000000fba80000)
  from space 2560K, 99% used [0x00000000fba80000,0x00000000fbcfa050,0x00000000fbd00000)
  to   space 2560K, 0% used [0x00000000fcc80000,0x00000000fcc80000,0x00000000fcf00000)
 ParOldGen       total 42496K, used 5879K [0x00000000f0000000, 0x00000000f2980000, 0x00000000fab00000)
  object space 42496K, 13% used [0x00000000f0000000,0x00000000f05bdf28,0x00000000f2980000)
 Metaspace       used 10417K, capacity 10754K, committed 11008K, reserved 1058816K
  class space    used 1182K, capacity 1259K, committed 1280K, reserved 1048576K
Event: 1.590 GC heap after
Heap after GC invocations=4 (full 0):
 PSYoungGen      total 34304K, used 2528K [0x00000000fab00000, 0x00000000fcf00000, 0x0000000100000000)
  eden space 31744K, 0% used [0x00000000fab00000,0x00000000fab00000,0x00000000fca00000)
  from space 2560K, 98% used [0x00000000fcc80000,0x00000000fcef8040,0x00000000fcf00000)
  to   space 2560K, 0% used [0x00000000fca00000,0x00000000fca00000,0x00000000fcc80000)
 ParOldGen       total 42496K, used 10796K [0x00000000f0000000, 0x00000000f2980000, 0x00000000fab00000)
  object space 42496K, 25% used [0x00000000f0000000,0x00000000f0a8b2e0,0x00000000f2980000)
 Metaspace       used 10417K, capacity 10754K, committed 11008K, reserved 1058816K
  class space    used 1182K, capacity 1259K, committed 1280K, reserved 1048576K
}
Event: 2.078 GC heap before
{Heap before GC invocations=5 (full 0):
 PSYoungGen      total 34304K, used 34272K [0x00000000fab00000, 0x00000000fcf00000, 0x0000000100000000)
  eden space 31744K, 100% used [0x00000000fab00000,0x00000000fca00000,0x00000000fca00000)
  from space 2560K, 98% used [0x00000000fcc80000,0x00000000fcef8040,0x00000000fcf00000)
  to   space 2560K, 0% used [0x00000000fca00000,0x00000000fca00000,0x00000000fcc80000)
 ParOldGen       total 42496K, used 10796K [0x00000000f0000000, 0x00000000f2980000, 0x00000000fab00000)
  object space 42496K, 25% used [0x00000000f0000000,0x00000000f0a8b2e0,0x00000000f2980000)
 Metaspace       used 10459K, capacity 10796K, committed 11008K, reserved 1058816K
  class space    used 1188K, capacity 1266K, committed 1280K, reserved 1048576K
Event: 2.259 GC heap after
Heap after GC invocations=5 (full 0):
 PSYoungGen      total 34304K, used 2560K [0x00000000fab00000, 0x0000000100000000, 0x0000000100000000)
  eden space 31744K, 0% used [0x00000000fab00000,0x00000000fab00000,0x00000000fca00000)
  from space 2560K, 100% used [0x00000000fca00000,0x00000000fcc80000,0x00000000fcc80000)
  to   space 14336K, 0% used [0x00000000ff200000,0x00000000ff200000,0x0000000100000000)
 ParOldGen       total 42496K, used 21908K [0x00000000f0000000, 0x00000000f2980000, 0x00000000fab00000)
  object space 42496K, 51% used [0x00000000f0000000,0x00000000f15653f0,0x00000000f2980000)
 Metaspace       used 10459K, capacity 10796K, committed 11008K, reserved 1058816K
  class space    used 1188K, capacity 1266K, committed 1280K, reserved 1048576K
}
Event: 2.567 GC heap before
{Heap before GC invocations=6 (full 0):
 PSYoungGen      total 34304K, used 34304K [0x00000000fab00000, 0x0000000100000000, 0x0000000100000000)
  eden space 31744K, 100% used [0x00000000fab00000,0x00000000fca00000,0x00000000fca00000)
  from space 2560K, 100% used [0x00000000fca00000,0x00000000fcc80000,0x00000000fcc80000)
  to   space 14336K, 0% used [0x00000000ff200000,0x00000000ff200000,0x0000000100000000)
 ParOldGen       total 42496K, used 21908K [0x00000000f0000000, 0x00000000f2980000, 0x00000000fab00000)
  object space 42496K, 51% used [0x00000000f0000000,0x00000000f15653f0,0x00000000f2980000)
 Metaspace       used 11540K, capacity 11852K, committed 11904K, reserved 1060864K
  class space    used 1301K, capacity 1362K, committed 1408K, reserved 1048576K
Event: 2.679 GC heap after
Heap after GC invocations=6 (full 0):
 PSYoungGen      total 65536K, used 14304K [0x00000000fab00000, 0x0000000100000000, 0x0000000100000000)
  eden space 51200K, 0% used [0x00000000fab00000,0x00000000fab00000,0x00000000fdd00000)
  from space 14336K, 99% used [0x00000000ff200000,0x00000000ffff8030,0x0000000100000000)
  to   space 17920K, 0% used [0x00000000fdd00000,0x00000000fdd00000,0x00000000fee80000)
 ParOldGen       total 42496K, used 22757K [0x00000000f0000000, 0x00000000f2980000, 0x00000000fab00000)
  object space 42496K, 53% used [0x00000000f0000000,0x00000000f1639650,0x00000000f2980000)
 Metaspace       used 11540K, capacity 11852K, committed 11904K, reserved 1060864K
  class space    used 1301K, capacity 1362K, committed 1408K, reserved 1048576K
}
Event: 3.198 GC heap before
{Heap before GC invocations=7 (full 0):
 PSYoungGen      total 65536K, used 65504K [0x00000000fab00000, 0x0000000100000000, 0x0000000100000000)
  eden space 51200K, 100% used [0x00000000fab00000,0x00000000fdd00000,0x00000000fdd00000)
  from space 14336K, 99% used [0x00000000ff200000,0x00000000ffff8030,0x0000000100000000)
  to   space 17920K, 0% used [0x00000000fdd00000,0x00000000fdd00000,0x00000000fee80000)
 ParOldGen       total 42496K, used 22757K [0x00000000f0000000, 0x00000000f2980000, 0x00000000fab00000)
  object space 42496K, 53% used [0x00000000f0000000,0x00000000f1639650,0x00000000f2980000)
 Metaspace       used 12426K, capacity 12690K, committed 12800K, reserved 1060864K
  class space    used 1422K, capacity 1491K, committed 1536K, reserved 1048576K
Event: 3.708 GC heap after
Heap after GC invocations=7 (full 0):
 PSYoungGen      total 69120K, used 17904K [0x00000000fab00000, 0x0000000100000000, 0x0000000100000000)
  eden space 51200K, 0% used [0x00000000fab00000,0x00000000fab00000,0x00000000fdd00000)
  from space 17920K, 99% used [0x00000000fdd00000,0x00000000fee7c030,0x00000000fee80000)
  to   space 17920K, 0% used [0x00000000fee80000,0x00000000fee80000,0x0000000100000000)
 ParOldGen       total 44544K, used 44457K [0x00000000f0000000, 0x00000000f2b80000, 0x00000000fab00000)
  object space 44544K, 99% used [0x00000000f0000000,0x00000000f2b6a590,0x00000000f2b80000)
 Metaspace       used 12426K, capacity 12690K, committed 12800K, reserved 1060864K
  class space    used 1422K, capacity 1491K, committed 1536K, reserved 1048576K
}
Event: 3.709 GC heap before
{Heap before GC invocations=8 (full 1):
 PSYoungGen      total 69120K, used 17904K [0x00000000fab00000, 0x0000000100000000, 0x0000000100000000)
  eden space 51200K, 0% used [0x00000000fab00000,0x00000000fab00000,0x00000000fdd00000)
  from space 17920K, 99% used [0x00000000fdd00000,0x00000000fee7c030,0x00000000fee80000)
  to   space 17920K, 0% used [0x00000000fee80000,0x00000000fee80000,0x0000000100000000)
 ParOldGen       total 44544K, used 44457K [0x00000000f0000000, 0x00000000f2b80000, 0x00000000fab00000)
  object space 44544K, 99% used [0x00000000f0000000,0x00000000f2b6a590,0x00000000f2b80000)
 Metaspace       used 12426K, capacity 12690K, committed 12800K, reserved 1060864K
  class space    used 1422K, capacity 1491K, committed 1536K, reserved 1048576K

