# JRE version: Java(TM) SE Runtime Environment (8.0_25-b17) (build 1.8.0_25-b17)
# Java VM: Java HotSpot(TM) 64-Bit Server VM (25.25-b02 mixed mode linux-amd64 compressed oops)
Heap:
 PSYoungGen      total 54784K, used 8196K [0x00000000fab00000, 0x0000000100000000, 0x0000000100000000)
  eden space 29696K, 27% used [0x00000000fab00000,0x00000000fb3010e8,0x00000000fc800000)
  from space 25088K, 0% used [0x00000000fe780000,0x00000000fe780000,0x0000000100000000)
  to   space 28672K, 0% used [0x00000000fc800000,0x00000000fc800000,0x00000000fe400000)
 ParOldGen       total 175104K, used 151808K [0x00000000f0000000, 0x00000000fab00000, 0x00000000fab00000)
  object space 175104K, 86% used [0x00000000f0000000,0x00000000f94400a0,0x00000000fab00000)
 Metaspace       used 17943K, capacity 18498K, committed 18560K, reserved 1067008K
  class space    used 1729K, capacity 1867K, committed 1920K, reserved 1048576K
GC Heap History (10 events):
Event: 11.066 GC heap before
{Heap before GC invocations=30 (full 5):
 PSYoungGen      total 58368K, used 34816K [0x00000000fab00000, 0x00000000ffd00000, 0x0000000100000000)
  eden space 34816K, 100% used [0x00000000fab00000,0x00000000fcd00000,0x00000000fcd00000)
  from space 23552K, 0% used [0x00000000fe600000,0x00000000fe600000,0x00000000ffd00000)
  to   space 24576K, 0% used [0x00000000fcd00000,0x00000000fcd00000,0x00000000fe500000)
 ParOldGen       total 175104K, used 144458K [0x00000000f0000000, 0x00000000fab00000, 0x00000000fab00000)
  object space 175104K, 82% used [0x00000000f0000000,0x00000000f8d12aa0,0x00000000fab00000)
 Metaspace       used 17801K, capacity 18326K, committed 18560K, reserved 1067008K
  class space    used 1725K, capacity 1833K, committed 1920K, reserved 1048576K
Event: 11.075 GC heap after
Heap after GC invocations=30 (full 5):
 PSYoungGen      total 59392K, used 8994K [0x00000000fab00000, 0x00000000fff00000, 0x0000000100000000)
  eden space 34816K, 0% used [0x00000000fab00000,0x00000000fab00000,0x00000000fcd00000)
  from space 24576K, 36% used [0x00000000fcd00000,0x00000000fd5c88d8,0x00000000fe500000)
  to   space 23552K, 0% used [0x00000000fe800000,0x00000000fe800000,0x00000000fff00000)
 ParOldGen       total 175104K, used 144466K [0x00000000f0000000, 0x00000000fab00000, 0x00000000fab00000)
  object space 175104K, 82% used [0x00000000f0000000,0x00000000f8d14aa0,0x00000000fab00000)
 Metaspace       used 17801K, capacity 18326K, committed 18560K, reserved 1067008K
  class space    used 1725K, capacity 1833K, committed 1920K, reserved 1048576K
}
Event: 11.866 GC heap before
{Heap before GC invocations=31 (full 5):
 PSYoungGen      total 59392K, used 43810K [0x00000000fab00000, 0x00000000fff00000, 0x0000000100000000)
  eden space 34816K, 100% used [0x00000000fab00000,0x00000000fcd00000,0x00000000fcd00000)
  from space 24576K, 36% used [0x00000000fcd00000,0x00000000fd5c88d8,0x00000000fe500000)
  to   space 23552K, 0% used [0x00000000fe800000,0x00000000fe800000,0x00000000fff00000)
 ParOldGen       total 175104K, used 144466K [0x00000000f0000000, 0x00000000fab00000, 0x00000000fab00000)
  object space 175104K, 82% used [0x00000000f0000000,0x00000000f8d14aa0,0x00000000fab00000)
 Metaspace       used 17844K, capacity 18364K, committed 18560K, reserved 1067008K
  class space    used 1728K, capacity 1866K, committed 1920K, reserved 1048576K
Event: 11.876 GC heap after
Heap after GC invocations=31 (full 5):
 PSYoungGen      total 60416K, used 18194K [0x00000000fab00000, 0x0000000100000000, 0x0000000100000000)
  eden space 36864K, 0% used [0x00000000fab00000,0x00000000fab00000,0x00000000fcf00000)
  from space 23552K, 77% used [0x00000000fe800000,0x00000000ff9c4bb8,0x00000000fff00000)
  to   space 25088K, 0% used [0x00000000fcf00000,0x00000000fcf00000,0x00000000fe780000)
 ParOldGen       total 175104K, used 144466K [0x00000000f0000000, 0x00000000fab00000, 0x00000000fab00000)
  object space 175104K, 82% used [0x00000000f0000000,0x00000000f8d14aa0,0x00000000fab00000)
 Metaspace       used 17844K, capacity 18364K, committed 18560K, reserved 1067008K
  class space    used 1728K, capacity 1866K, committed 1920K, reserved 1048576K
}
Event: 12.450 GC heap before
{Heap before GC invocations=32 (full 5):
 PSYoungGen      total 60416K, used 55058K [0x00000000fab00000, 0x0000000100000000, 0x0000000100000000)
  eden space 36864K, 100% used [0x00000000fab00000,0x00000000fcf00000,0x00000000fcf00000)
  from space 23552K, 77% used [0x00000000fe800000,0x00000000ff9c4bb8,0x00000000fff00000)
  to   space 25088K, 0% used [0x00000000fcf00000,0x00000000fcf00000,0x00000000fe780000)
 ParOldGen       total 175104K, used 144466K [0x00000000f0000000, 0x00000000fab00000, 0x00000000fab00000)
  object space 175104K, 82% used [0x00000000f0000000,0x00000000f8d14aa0,0x00000000fab00000)
 Metaspace       used 17891K, capacity 18428K, committed 18560K, reserved 1067008K
  class space    used 1728K, capacity 1866K, committed 1920K, reserved 1048576K
Event: 12.470 GC heap after
Heap after GC invocations=32 (full 5):
 PSYoungGen      total 61952K, used 25072K [0x00000000fab00000, 0x0000000100000000, 0x0000000100000000)
  eden space 36864K, 0% used [0x00000000fab00000,0x00000000fab00000,0x00000000fcf00000)
  from space 25088K, 99% used [0x00000000fcf00000,0x00000000fe77c3c8,0x00000000fe780000)
  to   space 25088K, 0% used [0x00000000fe780000,0x00000000fe780000,0x0000000100000000)
 ParOldGen       total 175104K, used 147112K [0x00000000f0000000, 0x00000000fab00000, 0x00000000fab00000)
  object space 175104K, 84% used [0x00000000f0000000,0x00000000f8faa080,0x00000000fab00000)
 Metaspace       used 17891K, capacity 18428K, committed 18560K, reserved 1067008K
  class space    used 1728K, capacity 1866K, committed 1920K, reserved 1048576K
}
Event: 12.722 GC heap before
{Heap before GC invocations=33 (full 5):
 PSYoungGen      total 61952K, used 61936K [0x00000000fab00000, 0x0000000100000000, 0x0000000100000000)
  eden space 36864K, 100% used [0x00000000fab00000,0x00000000fcf00000,0x00000000fcf00000)
  from space 25088K, 99% used [0x00000000fcf00000,0x00000000fe77c3c8,0x00000000fe780000)
  to   space 25088K, 0% used [0x00000000fe780000,0x00000000fe780000,0x0000000100000000)
 ParOldGen       total 175104K, used 147112K [0x00000000f0000000, 0x00000000fab00000, 0x00000000fab00000)
  object space 175104K, 84% used [0x00000000f0000000,0x00000000f8faa080,0x00000000fab00000)
 Metaspace       used 17941K, capacity 18498K, committed 18560K, reserved 1067008K
  class space    used 1729K, capacity 1867K, committed 1920K, reserved 1048576K
Event: 12.945 GC heap after
Heap after GC invocations=33 (full 5):
 PSYoungGen      total 54784K, used 18510K [0x00000000fab00000, 0x0000000100000000, 0x0000000100000000)
  eden space 29696K, 0% used [0x00000000fab00000,0x00000000fab00000,0x00000000fc800000)
  from space 25088K, 73% used [0x00000000fe780000,0x00000000ff993bf8,0x0000000100000000)
  to   space 28672K, 0% used [0x00000000fc800000,0x00000000fc800000,0x00000000fe400000)
 ParOldGen       total 175104K, used 164890K [0x00000000f0000000, 0x00000000fab00000, 0x00000000fab00000)
  object space 175104K, 94% used [0x00000000f0000000,0x00000000fa106820,0x00000000fab00000)
 Metaspace       used 17941K, capacity 18498K, committed 18560K, reserved 1067008K
  class space    used 1729K, capacity 1867K, committed 1920K, reserved 1048576K
}
Event: 12.945 GC heap before
{Heap before GC invocations=34 (full 6):
 PSYoungGen      total 54784K, used 18510K [0x00000000fab00000, 0x0000000100000000, 0x0000000100000000)
  eden space 29696K, 0% used [0x00000000fab00000,0x00000000fab00000,0x00000000fc800000)
  from space 25088K, 73% used [0x00000000fe780000,0x00000000ff993bf8,0x0000000100000000)
  to   space 28672K, 0% used [0x00000000fc800000,0x00000000fc800000,0x00000000fe400000)
 ParOldGen       total 175104K, used 164890K [0x00000000f0000000, 0x00000000fab00000, 0x00000000fab00000)
  object space 175104K, 94% used [0x00000000f0000000,0x00000000fa106820,0x00000000fab00000)
 Metaspace       used 17941K, capacity 18498K, committed 18560K, reserved 1067008K
  class space    used 1729K, capacity 1867K, committed 1920K, reserved 1048576K
Event: 13.260 GC heap after
Heap after GC invocations=34 (full 6):
 PSYoungGen      total 54784K, used 0K [0x00000000fab00000, 0x0000000100000000, 0x0000000100000000)
  eden space 29696K, 0% used [0x00000000fab00000,0x00000000fab00000,0x00000000fc800000)
  from space 25088K, 0% used [0x00000000fe780000,0x00000000fe780000,0x0000000100000000)
  to   space 28672K, 0% used [0x00000000fc800000,0x00000000fc800000,0x00000000fe400000)
 ParOldGen       total 175104K, used 151808K [0x00000000f0000000, 0x00000000fab00000, 0x00000000fab00000)
  object space 175104K, 86% used [0x00000000f0000000,0x00000000f94400a0,0x00000000fab00000)
 Metaspace       used 17941K, capacity 18498K, committed 18560K, reserved 1067008K
  class space    used 1729K, capacity 1867K, committed 1920K, reserved 1048576K
}

